make.exe all --print-data-base --no-builtin-variables --no-builtin-rules --question
make.exe: *** No rule to make target 'all'.  Stop.

# GNU Make 4.2.1
# Built for Windows32
# Copyright (C) 1988-2016 Free Software Foundation, Inc.
# License GPLv3+: GNU GPL version 3 or later <http://gnu.org/licenses/gpl.html>
# This is free software: you are free to change and redistribute it.
# There is NO WARRANTY, to the extent permitted by law.

# Make data base, printed on Tue Oct 01 18:40:47 2024

# Variables

# 'override' directive
GNUMAKEFLAGS := 
# automatic
<D = $(patsubst %/,%,$(patsubst %\,%,$(dir $<)))
# automatic
?F = $(notdir $?)
# environment
STM32CLT_PATH = C:\ST\STM32CubeCLT_1.16.0
# default
.SHELLFLAGS := -c
# environment
CARBON_MEM_DISABLE = 1
# environment
VSCODE_CRASH_REPORTER_PROCESS_TYPE = extensionHost
# makefile
MAKEFLAGS = pqrR
# automatic
?D = $(patsubst %/,%,$(patsubst %\,%,$(dir $?)))
# automatic
@D = $(patsubst %/,%,$(patsubst %\,%,$(dir $@)))
# environment
HOMEDRIVE = C:
# automatic
@F = $(notdir $@)
# automatic
^D = $(patsubst %/,%,$(patsubst %\,%,$(dir $^)))
# makefile
CURDIR := c:/magnetometer5882_define_2
# default
SHELL := sh.exe
# environment
WINDIR = C:\Windows
# environment
VSCODE_NLS_CONFIG = {"userLocale":"ru","osLocale":"ru","resolvedLanguage":"ru","defaultMessagesFile":"C:\\Users\\ahmat\\AppData\\Local\\Programs\\Microsoft VS Code\\resources\\app\\out\\nls.messages.json","languagePack":{"translationsConfigFile":"C:\\Users\\ahmat\\AppData\\Roaming\\Code\\clp\\49e322b77e041f3ce5539c2e92faedf9.ru\\tcf.json","messagesFile":"C:\\Users\\ahmat\\AppData\\Roaming\\Code\\clp\\49e322b77e041f3ce5539c2e92faedf9.ru\\38c31bc77e0dd6ae88a4e9cc93428cc27a56ba40\\nls.messages.json","corruptMarkerFile":"C:\\Users\\ahmat\\AppData\\Roaming\\Code\\clp\\49e322b77e041f3ce5539c2e92faedf9.ru\\corrupted.info"},"locale":"ru","availableLanguages":{"*":"ru"},"_languagePackId":"49e322b77e041f3ce5539c2e92faedf9.ru","_languagePackSupport":true,"_translationsConfigFile":"C:\\Users\\ahmat\\AppData\\Roaming\\Code\\clp\\49e322b77e041f3ce5539c2e92faedf9.ru\\tcf.json","_cacheRoot":"C:\\Users\\ahmat\\AppData\\Roaming\\Code\\clp\\49e322b77e041f3ce5539c2e92faedf9.ru","_resolvedLanguagePackCoreLocation":"C:\\Users\\ahmat\\AppData\\Roaming\\Code\\clp\\49e322b77e041f3ce5539c2e92faedf9.ru\\38c31bc77e0dd6ae88a4e9cc93428cc27a56ba40","_corruptedFile":"C:\\Users\\ahmat\\AppData\\Roaming\\Code\\clp\\49e322b77e041f3ce5539c2e92faedf9.ru\\corrupted.info"}
# environment
ONEDRIVE = C:\Users\ahmat\OneDrive
# environment
PATHEXT = .COM;.EXE;.BAT;.CMD;.VBS;.VBE;.JS;.JSE;.WSF;.WSH;.MSC
# makefile
MAKEFILE_LIST := 
# environment
TMP = C:\Users\ahmat\AppData\Local\Temp
# environment
PROGRAMW6432 = C:\Program Files
# environment
PROGRAMDATA = C:\ProgramData
# environment
VSCODE_CWD = C:\Users\ahmat\AppData\Local\Programs\Microsoft VS Code
# default
MAKE_HOST := Windows32
# environment
PATH = C:\Program Files (x86)\STMicroelectronics\stlink_server;C:\ST\STM32CubeCLT_1.16.0;C:\ST\STM32CubeCLT_1.16.0\CMake\bin;C:\ST\STM32CubeCLT_1.16.0\Ninja\bin;C:\ST\STM32CubeCLT_1.16.0\GNU-tools-for-STM32\bin;C:\ST\STM32CubeCLT_1.16.0\STLink-gdb-server\bin;C:\ST\STM32CubeCLT_1.16.0\STM32CubeProgrammer\bin;C:\Program Files (x86)\NVIDIA Corporation\PhysX\Common;C:\ProgramData\Oracle\Java\javapath;C:\Windows\system32;C:\Windows;C:\Windows\System32\Wbem;C:\Windows\System32\WindowsPowerShell\v1.0\;C:\Windows\System32\OpenSSH\;C:\Program Files\dotnet\;C:\Program Files (x86)\STMicroelectronics\STM32 ST-LINK Utility\ST-LINK Utility;C:\Program Files\PuTTY\;C:\avr-gcc-14.1.0-x64-windows\bin;C:\Program Files (x86)\arm-gnu-toolchain-13.2.Rel1-mingw-w64-i686-arm-none-eabi\bin;C:\Program Files\Git\cmd;C:\Users\ahmat\AppData\Local\Microsoft\WindowsApps;C:\Users\ahmat\AppData\Local\Programs\Microsoft VS Code\bin;C:\Program Files (x86)\gcc-arm-none-eabi-10.3-2021.10\bin;C:\MinGW\bin;C:\Program Files\CMake\bin;C:\xpack-openocd-0.12.0-3\bin;C:\avr-gcc-14.1.0-x64-windows\bin;C:\Program Files (x86)\arm-gnu-toolchain-13.2.Rel1-mingw-w64-i686-arm-none-eabi\arm-none-eabi\bin;
# environment
COMMONPROGRAMW6432 = C:\Program Files\Common Files
# environment
PROCESSOR_ARCHITECTURE = AMD64
# environment
USERPROFILE = C:\Users\ahmat
# environment
ALLUSERSPROFILE = C:\ProgramData
# environment
NUMBER_OF_PROCESSORS = 24
# environment
ELECTRON_RUN_AS_NODE = 1
# default
.FEATURES := target-specific order-only second-expansion else-if shortest-stem undefine oneshell archives jobserver output-sync load
# automatic
%F = $(notdir $%)
# environment
CHROME_CRASHPAD_PIPE_NAME = \\.\pipe\crashpad_16196_RYOTUZXQKRBCYAZD
# environment
COMPUTERNAME = DESKTOP-HRUEK68
# environment
PROGRAMFILES = C:\Program Files
# default
.LOADED := 
# environment
DRIVERDATA = C:\Windows\System32\Drivers\DriverData
# environment
ORIGINAL_XDG_CURRENT_DESKTOP = undefined
# environment
USERNAME = ahmat
# environment
PUBLIC = C:\Users\Public
# environment
VSCODE_AMD_ENTRYPOINT = vs/workbench/api/node/extensionHostProcess
# environment
VSCODE_CODE_CACHE_PATH = C:\Users\ahmat\AppData\Roaming\Code\CachedData\38c31bc77e0dd6ae88a4e9cc93428cc27a56ba40
# environment
APPLICATION_INSIGHTS_NO_DIAGNOSTIC_CHANNEL = true
# environment
COMMONPROGRAMFILES = C:\Program Files\Common Files
# environment
LOGONSERVER = \\DESKTOP-HRUEK68
# environment
ONEDRIVECONSUMER = C:\Users\ahmat\OneDrive
# environment
VSCODE_HANDLES_UNCAUGHT_ERRORS = true
# environment
USERDOMAIN = DESKTOP-HRUEK68
# environment
MAKELEVEL := 0
# environment
STM32CUBEMX_PATH = C:\Users\ahmat\AppData\Local\Programs\STM32Cube_MX
# default
MAKECMDGOALS := all
# default
MAKE_VERSION := 4.2.1
# makefile
.DEFAULT_GOAL := 
# default
MAKE = $(MAKE_COMMAND)
# environment
PROGRAMFILES(X86) = C:\Program Files (x86)
# automatic
%D = $(patsubst %/,%,$(patsubst %\,%,$(dir $%)))
# environment
LOCALAPPDATA = C:\Users\ahmat\AppData\Local
# environment
PSMODULEPATH = C:\Program Files\WindowsPowerShell\Modules;C:\Windows\system32\WindowsPowerShell\v1.0\Modules
# default
MAKE_COMMAND := make.exe
# default
.VARIABLES := 
# automatic
*F = $(notdir $*)
# environment
PROCESSOR_IDENTIFIER = Intel64 Family 6 Model 63 Stepping 2, GenuineIntel
# environment
OS = Windows_NT
# environment
VSCODE_IPC_HOOK = \\.\pipe\842c0eb5-1.93.1-main-sock
# environment
HOMEPATH = \Users\ahmat
# environment
COMMONPROGRAMFILES(X86) = C:\Program Files (x86)\Common Files
# environment
PROMPT = $P$G
# environment
MFLAGS = -pqrR
# automatic
*D = $(patsubst %/,%,$(patsubst %\,%,$(dir $*)))
# environment
SYSTEMROOT = C:\Windows
# automatic
+D = $(patsubst %/,%,$(patsubst %\,%,$(dir $+)))
# automatic
+F = $(notdir $+)
# environment
APPDATA = C:\Users\ahmat\AppData\Roaming
# environment
TEMP = C:\Users\ahmat\AppData\Local\Temp
# environment
COMSPEC = C:\Windows\system32\cmd.exe
# default
MAKEFILES := 
# environment
IDF_TOOLS_PATH = C:\Espressif
# automatic
<F = $(notdir $<)
# environment
LC_ALL = C
# automatic
^F = $(notdir $^)
# default
SUFFIXES := 
# environment
SYSTEMDRIVE = C:
# environment
SESSIONNAME = Console
# environment
PROCESSOR_REVISION = 3f02
# default
.INCLUDE_DIRS = .
# default
.RECIPEPREFIX := 
# environment
LANG = C
# environment
PROCESSOR_LEVEL = 6
# environment
VSCODE_PID = 16196
# environment
USERDOMAIN_ROAMINGPROFILE = DESKTOP-HRUEK68
# variable set hash-table stats:
# Load=92/1024=9%, Rehash=0, Collisions=16/111=14%

# Pattern-specific Variable Values

# No pattern-specific variable values.

# Directories

# . (key c:/magnetometer5882_define_2, mtime 1719230835): 12 files, no impossibilities.

# 12 files, no impossibilities in 1 directories.

# Implicit Rules

# No implicit rules.

# Files

# Not a target:
all:
#  Command line target.
#  Implicit rule search has been done.
#  File does not exist.
#  File has not been updated.

# Not a target:
Makefile:
#  Implicit rule search has been done.
#  File does not exist.
#  File has been updated.
#  Failed to be updated.

# Not a target:
makefile:
#  Implicit rule search has been done.
#  File does not exist.
#  File has been updated.
#  Failed to be updated.

# Not a target:
makefile.mak:
#  Implicit rule search has been done.
#  File does not exist.
#  File has been updated.
#  Failed to be updated.

# Not a target:
.DEFAULT:
#  Implicit rule search has not been done.
#  Modification time never checked.
#  File has not been updated.

# Not a target:
GNUmakefile:
#  Implicit rule search has been done.
#  File does not exist.
#  File has been updated.
#  Failed to be updated.

# files hash-table stats:
# Load=7/1024=1%, Rehash=0, Collisions=0/16=0%
# VPATH Search Paths

# No 'vpath' search paths.

# No general ('VPATH' variable) search path.

# strcache buffers: 1 (0) / strings = 19 / storage = 247 B / avg = 13 B
# current buf: size = 8162 B / used = 247 B / count = 19 / avg = 13 B

# strcache performance: lookups = 22 / hit rate = 13%
# hash-table stats:
# Load=19/8192=0%, Rehash=0, Collisions=1/22=5%
# Finished Make data base on Tue Oct 01 18:40:47 2024

 
